# JRE version: Java(TM) SE Runtime Environment (8.0_421) (build 1.8.0_421-b09)
# Java VM: Java HotSpot(TM) 64-Bit Server VM (25.421-b09 mixed mode windows-amd64 compressed oops)
Heap:
 PSYoungGen      total 208384K, used 19804K [0x000000076bb80000, 0x000000077dd00000, 0x00000007c0000000)
  eden space 174592K, 10% used [0x000000076bb80000,0x000000076ccf9328,0x0000000776600000)
  from space 33792K, 5% used [0x0000000776600000,0x00000007767ddfa0,0x0000000778700000)
  to   space 34816K, 0% used [0x000000077bb00000,0x000000077bb00000,0x000000077dd00000)
 ParOldGen       total 178176K, used 30915K [0x00000006c3200000, 0x00000006ce000000, 0x000000076bb80000)
  object space 178176K, 17% used [0x00000006c3200000,0x00000006c5030c18,0x00000006ce000000)
 Metaspace       used 32481K, capacity 33834K, committed 35752K, reserved 1081344K
  class space    used 3688K, capacity 4008K, committed 4264K, reserved 1048576K
GC Heap History (10 events):
Event: 12.605 GC heap before
{Heap before GC invocations=9 (full 1):
 PSYoungGen      total 112640K, used 112238K [0x000000076bb80000, 0x0000000776f80000, 0x00000007c0000000)
  eden space 93184K, 100% used [0x000000076bb80000,0x0000000771680000,0x0000000771680000)
  from space 19456K, 97% used [0x0000000771680000,0x000000077291b8c8,0x0000000772980000)
  to   space 22016K, 0% used [0x0000000775a00000,0x0000000775a00000,0x0000000776f80000)
 ParOldGen       total 111616K, used 17128K [0x00000006c3200000, 0x00000006c9f00000, 0x000000076bb80000)
  object space 111616K, 15% used [0x00000006c3200000,0x00000006c42ba158,0x00000006c9f00000)
 Metaspace       used 30851K, capacity 32054K, committed 32128K, reserved 1077248K
  class space    used 3640K, capacity 3918K, committed 3968K, reserved 1048576K
Event: 12.645 GC heap after
Heap after GC invocations=9 (full 1):
 PSYoungGen      total 156672K, used 22004K [0x000000076bb80000, 0x0000000777d00000, 0x00000007c0000000)
  eden space 134656K, 0% used [0x000000076bb80000,0x000000076bb80000,0x0000000773f00000)
  from space 22016K, 99% used [0x0000000775a00000,0x0000000776f7d3f0,0x0000000776f80000)
  to   space 27648K, 0% used [0x0000000773f00000,0x0000000773f00000,0x0000000775a00000)
 ParOldGen       total 111616K, used 24463K [0x00000006c3200000, 0x00000006c9f00000, 0x000000076bb80000)
  object space 111616K, 21% used [0x00000006c3200000,0x00000006c49e3f40,0x00000006c9f00000)
 Metaspace       used 30851K, capacity 32054K, committed 32128K, reserved 1077248K
  class space    used 3640K, capacity 3918K, committed 3968K, reserved 1048576K
}
Event: 15.928 GC heap before
{Heap before GC invocations=10 (full 1):
 PSYoungGen      total 156672K, used 156660K [0x000000076bb80000, 0x0000000777d00000, 0x00000007c0000000)
  eden space 134656K, 100% used [0x000000076bb80000,0x0000000773f00000,0x0000000773f00000)
  from space 22016K, 99% used [0x0000000775a00000,0x0000000776f7d3f0,0x0000000776f80000)
  to   space 27648K, 0% used [0x0000000773f00000,0x0000000773f00000,0x0000000775a00000)
 ParOldGen       total 111616K, used 24463K [0x00000006c3200000, 0x00000006c9f00000, 0x000000076bb80000)
  object space 111616K, 21% used [0x00000006c3200000,0x00000006c49e3f40,0x00000006c9f00000)
 Metaspace       used 33609K, capacity 35016K, committed 35200K, reserved 1081344K
  class space    used 3878K, capacity 4222K, committed 4224K, reserved 1048576K
Event: 15.964 GC heap after
Heap after GC invocations=10 (full 1):
 PSYoungGen      total 162304K, used 27643K [0x000000076bb80000, 0x000000077a880000, 0x00000007c0000000)
  eden space 134656K, 0% used [0x000000076bb80000,0x000000076bb80000,0x0000000773f00000)
  from space 27648K, 99% used [0x0000000773f00000,0x00000007759fedd8,0x0000000775a00000)
  to   space 33280K, 0% used [0x0000000778800000,0x0000000778800000,0x000000077a880000)
 ParOldGen       total 111616K, used 29774K [0x00000006c3200000, 0x00000006c9f00000, 0x000000076bb80000)
  object space 111616K, 26% used [0x00000006c3200000,0x00000006c4f13920,0x00000006c9f00000)
 Metaspace       used 33609K, capacity 35016K, committed 35200K, reserved 1081344K
  class space    used 3878K, capacity 4222K, committed 4224K, reserved 1048576K
}
Event: 19.173 GC heap before
{Heap before GC invocations=11 (full 1):
 PSYoungGen      total 162304K, used 113307K [0x000000076bb80000, 0x000000077a880000, 0x00000007c0000000)
  eden space 134656K, 63% used [0x000000076bb80000,0x0000000770f27e40,0x0000000773f00000)
  from space 27648K, 99% used [0x0000000773f00000,0x00000007759fedd8,0x0000000775a00000)
  to   space 33280K, 0% used [0x0000000778800000,0x0000000778800000,0x000000077a880000)
 ParOldGen       total 111616K, used 29774K [0x00000006c3200000, 0x00000006c9f00000, 0x000000076bb80000)
  object space 111616K, 26% used [0x00000006c3200000,0x00000006c4f13920,0x00000006c9f00000)
 Metaspace       used 34063K, capacity 35464K, committed 35496K, reserved 1081344K
  class space    used 3901K, capacity 4257K, committed 4264K, reserved 1048576K
Event: 19.205 GC heap after
Heap after GC invocations=11 (full 1):
 PSYoungGen      total 207360K, used 22097K [0x000000076bb80000, 0x000000077a800000, 0x00000007c0000000)
  eden space 174592K, 0% used [0x000000076bb80000,0x000000076bb80000,0x0000000776600000)
  from space 32768K, 67% used [0x0000000778800000,0x0000000779d944a8,0x000000077a800000)
  to   space 33792K, 0% used [0x0000000776600000,0x0000000776600000,0x0000000778700000)
 ParOldGen       total 111616K, used 43895K [0x00000006c3200000, 0x00000006c9f00000, 0x000000076bb80000)
  object space 111616K, 39% used [0x00000006c3200000,0x00000006c5cddc48,0x00000006c9f00000)
 Metaspace       used 34063K, capacity 35464K, committed 35496K, reserved 1081344K
  class space    used 3901K, capacity 4257K, committed 4264K, reserved 1048576K
}
Event: 19.205 GC heap before
{Heap before GC invocations=12 (full 2):
 PSYoungGen      total 207360K, used 22097K [0x000000076bb80000, 0x000000077a800000, 0x00000007c0000000)
  eden space 174592K, 0% used [0x000000076bb80000,0x000000076bb80000,0x0000000776600000)
  from space 32768K, 67% used [0x0000000778800000,0x0000000779d944a8,0x000000077a800000)
  to   space 33792K, 0% used [0x0000000776600000,0x0000000776600000,0x0000000778700000)
 ParOldGen       total 111616K, used 43895K [0x00000006c3200000, 0x00000006c9f00000, 0x000000076bb80000)
  object space 111616K, 39% used [0x00000006c3200000,0x00000006c5cddc48,0x00000006c9f00000)
 Metaspace       used 34063K, capacity 35464K, committed 35496K, reserved 1081344K
  class space    used 3901K, capacity 4257K, committed 4264K, reserved 1048576K
Event: 19.301 GC heap after
Heap after GC invocations=12 (full 2):
 PSYoungGen      total 207360K, used 0K [0x000000076bb80000, 0x000000077a800000, 0x00000007c0000000)
  eden space 174592K, 0% used [0x000000076bb80000,0x000000076bb80000,0x0000000776600000)
  from space 32768K, 0% used [0x0000000778800000,0x0000000778800000,0x000000077a800000)
  to   space 33792K, 0% used [0x0000000776600000,0x0000000776600000,0x0000000778700000)
 ParOldGen       total 178176K, used 30907K [0x00000006c3200000, 0x00000006ce000000, 0x000000076bb80000)
  object space 178176K, 17% used [0x00000006c3200000,0x00000006c502ec18,0x00000006ce000000)
 Metaspace       used 30616K, capacity 31914K, committed 35496K, reserved 1081344K
  class space    used 3505K, capacity 3842K, committed 4264K, reserved 1048576K
}
Event: 145.492 GC heap before
{Heap before GC invocations=13 (full 2):
 PSYoungGen      total 207360K, used 174592K [0x000000076bb80000, 0x000000077a800000, 0x00000007c0000000)
  eden space 174592K, 100% used [0x000000076bb80000,0x0000000776600000,0x0000000776600000)
  from space 32768K, 0% used [0x0000000778800000,0x0000000778800000,0x000000077a800000)
  to   space 33792K, 0% used [0x0000000776600000,0x0000000776600000,0x0000000778700000)
 ParOldGen       total 178176K, used 30907K [0x00000006c3200000, 0x00000006ce000000, 0x000000076bb80000)
  object space 178176K, 17% used [0x00000006c3200000,0x00000006c502ec18,0x00000006ce000000)
 Metaspace       used 32392K, capacity 33770K, committed 35752K, reserved 1081344K
  class space    used 3681K, capacity 4008K, committed 4264K, reserved 1048576K
Event: 145.495 GC heap after
Heap after GC invocations=13 (full 2):
 PSYoungGen      total 208384K, used 1911K [0x000000076bb80000, 0x000000077dd00000, 0x00000007c0000000)
  eden space 174592K, 0% used [0x000000076bb80000,0x000000076bb80000,0x0000000776600000)
  from space 33792K, 5% used [0x0000000776600000,0x00000007767ddfa0,0x0000000778700000)
  to   space 34816K, 0% used [0x000000077bb00000,0x000000077bb00000,0x000000077dd00000)
 ParOldGen       total 178176K, used 30915K [0x00000006c3200000, 0x00000006ce000000, 0x000000076bb80000)
  object space 178176K, 17% used [0x00000006c3200000,0x00000006c5030c18,0x00000006ce000000)
 Metaspace       used 32392K, capacity 33770K, committed 35752K, reserved 1081344K
  class space    used 3681K, capacity 4008K, committed 4264K, reserved 1048576K
}

